[INFO] [2017-04-12 15:37:59][org.springframework.test.context.support.DefaultTestContextBootstrapper]Loaded default TestExecutionListener class names from location [META-INF/spring.factories]: [org.springframework.test.context.web.ServletTestExecutionListener, org.springframework.test.context.support.DirtiesContextBeforeModesTestExecutionListener, org.springframework.test.context.support.DependencyInjectionTestExecutionListener, org.springframework.test.context.support.DirtiesContextTestExecutionListener, org.springframework.test.context.transaction.TransactionalTestExecutionListener, org.springframework.test.context.jdbc.SqlScriptsTestExecutionListener]
[INFO] [2017-04-12 15:37:59][org.springframework.test.context.support.DefaultTestContextBootstrapper]Using TestExecutionListeners: [org.springframework.test.context.web.ServletTestExecutionListener@69d9c55, org.springframework.test.context.support.DirtiesContextBeforeModesTestExecutionListener@13a57a3b, org.springframework.test.context.support.DependencyInjectionTestExecutionListener@7ca48474, org.springframework.test.context.support.DirtiesContextTestExecutionListener@337d0578, org.springframework.test.context.transaction.TransactionalTestExecutionListener@59e84876, org.springframework.test.context.jdbc.SqlScriptsTestExecutionListener@61a485d2]
[INFO] [2017-04-12 15:38:00][org.springframework.beans.factory.xml.XmlBeanDefinitionReader]Loading XML bean definitions from class path resource [spring-mybatis.xml]
[INFO] [2017-04-12 15:38:00][org.springframework.beans.factory.xml.XmlBeanDefinitionReader]Loading XML bean definitions from class path resource [spring-common.xml]
[INFO] [2017-04-12 15:38:00][org.springframework.context.support.GenericApplicationContext]Refreshing org.springframework.context.support.GenericApplicationContext@d8355a8: startup date [Wed Apr 12 15:38:00 CST 2017]; root of context hierarchy
[INFO] [2017-04-12 15:38:01][org.springframework.beans.factory.config.PropertyPlaceholderConfigurer]Loading properties file from class path resource [jdbc.properties]
[INFO] [2017-04-12 15:38:01][org.springframework.beans.factory.config.PropertyPlaceholderConfigurer]Loading properties file from class path resource [email.properties]
[INFO] [2017-04-12 15:38:01][org.springframework.beans.factory.annotation.AutowiredAnnotationBeanPostProcessor]JSR-330 'javax.inject.Inject' annotation found and supported for autowiring
[INFO] [2017-04-12 15:38:02][org.springframework.scheduling.concurrent.ThreadPoolTaskExecutor]Initializing ExecutorService  'taskExecutor'
[INFO] [2017-04-12 15:38:05][com.info.service.impl.QQNoticeServiceImpl]send message to QQ: message0
[INFO] [2017-04-12 15:38:05][com.info.service.impl.QQNoticeServiceImpl]send message to QQ: message1
[INFO] [2017-04-12 15:38:05][com.info.service.impl.QQNoticeServiceImpl]send message to QQ: message2
[INFO] [2017-04-12 15:38:05][com.info.service.impl.QQNoticeServiceImpl]send message to QQ: message3
[INFO] [2017-04-12 15:38:05][com.info.service.impl.QQNoticeServiceImpl]send message to QQ: message4
[INFO] [2017-04-12 15:38:05][com.info.service.impl.QQNoticeServiceImpl]send message to QQ: message5
[INFO] [2017-04-12 15:38:05][com.info.service.impl.QQNoticeServiceImpl]send message to QQ: message6
[INFO] [2017-04-12 15:38:05][com.info.service.impl.QQNoticeServiceImpl]send message to QQ: message7
[INFO] [2017-04-12 15:38:05][com.info.service.impl.QQNoticeServiceImpl]send message to QQ: message8
[INFO] [2017-04-12 15:38:05][com.info.service.impl.QQNoticeServiceImpl]send message to QQ: message9
[INFO] [2017-04-12 15:38:05][org.springframework.context.support.GenericApplicationContext]Closing org.springframework.context.support.GenericApplicationContext@d8355a8: startup date [Wed Apr 12 15:38:00 CST 2017]; root of context hierarchy
[INFO] [2017-04-12 15:38:05][org.springframework.scheduling.concurrent.ThreadPoolTaskExecutor]Shutting down ExecutorService 'taskExecutor'
